#
# There is insufficient memory for the Java Runtime Environment to continue.
# Native memory allocation (mmap) failed to map 134217728 bytes for Failed to commit area from 0x00000000c0c00000 to 0x00000000c8c00000 of length 134217728.
# Possible reasons:
#   The system is out of physical RAM or swap space
#   The process is running with CompressedOops enabled, and the Java Heap may be blocking the growth of the native heap
# Possible solutions:
#   Reduce memory load on the system
#   Increase physical memory or swap space
#   Check if swap backing store is full
#   Decrease Java heap size (-Xmx/-Xms)
#   Decrease number of Java threads
#   Decrease Java thread stack sizes (-Xss)
#   Set larger code cache with -XX:ReservedCodeCacheSize=
# This output file may be truncated or incomplete.
#
#  Out of Memory Error (./src/hotspot/os/windows/os_windows.cpp:3303), pid=19548, tid=11904
#
# JRE version:  (11.0.9.1+11) (build )
# Java VM: OpenJDK 64-Bit Server VM (11.0.9.1+11-b1145.63, mixed mode, sharing, tiered, compressed oops, g1 gc, windows-amd64)
# No core dump will be written. Minidumps are not enabled by default on client versions of Windows
#

---------------  S U M M A R Y ------------

Command Line: -Djava.rmi.server.hostname=127.0.0.1 -Duser.timezone=UTC -Xmx1011m -Xms128m -Dfile.encoding=UTF-8 com.intellij.database.remote.RemoteJdbcServer org.mariadb.jdbc.Driver

Host: Intel(R) Core(TM) i5-5200U CPU @ 2.20GHz, 4 cores, 7G,  Windows 10 , 64 bit Build 19041 (10.0.19041.804)
Time: Mon Mar  1 20:29:34 2021 ¥Î«—πŒ±π «•¡ÿΩ√ elapsed time: 0.073735 seconds (0d 0h 0m 0s)

---------------  T H R E A D  ---------------

Current thread (0x000002033af4d000):  JavaThread "Unknown thread" [_thread_in_vm, id=11904, stack(0x0000001000e00000,0x0000001000f00000)]

Stack: [0x0000001000e00000,0x0000001000f00000]
Native frames: (J=compiled Java code, j=interpreted, Vv=VM code, C=native code)
V  [jvm.dll+0x5edd9a]
V  [jvm.dll+0x7229c5]
V  [jvm.dll+0x723f1d]
V  [jvm.dll+0x7245d3]
V  [jvm.dll+0x2431b8]
V  [jvm.dll+0x5eb234]
V  [jvm.dll+0x5e0325]
V  [jvm.dll+0x2fe60b]
V  [jvm.dll+0x2fe57a]
V  [jvm.dll+0x2fe452]
V  [jvm.dll+0x303346]
V  [jvm.dll+0x34ba83]
V  [jvm.dll+0x34c186]
V  [jvm.dll+0x34bb83]
V  [jvm.dll+0x2d9218]
V  [jvm.dll+0x2da3c7]
V  [jvm.dll+0x701a67]
V  [jvm.dll+0x70325c]
V  [jvm.dll+0x359049]
V  [jvm.dll+0x6e552e]
V  [jvm.dll+0x3c1353]
V  [jvm.dll+0x3c3571]
C  [jli.dll+0x5373]
C  [ucrtbase.dll+0x21bb2]
C  [KERNEL32.DLL+0x17034]
C  [ntdll.dll+0x4d241]


---------------  P R O C E S S  ---------------

Threads class SMR info:
_java_thread_list=0x000002033ad12860, length=0, elements={
}

Java Threads: ( => current thread )

Other Threads:
  0x000002033af67000 GCTaskThread "GC Thread#0" [stack: 0x0000001000f00000,0x0000001001000000] [id=20852]
  0x000002033af86000 ConcurrentGCThread "G1 Main Marker" [stack: 0x0000001001000000,0x0000001001100000] [id=17032]
  0x000002033af88000 ConcurrentGCThread "G1 Conc#0" [stack: 0x0000001001100000,0x0000001001200000] [id=14864]

[error occurred during error reporting (printing all threads), id 0xc0000005, EXCEPTION_ACCESS_VIOLATION (0xc0000005) at pc=0x00007fff256d9807]

VM state:not at safepoint (not fully initialized)

VM Mutex/Monitor currently owned by a thread:  ([mutex/lock_event])
[0x000002033af4cad0] Heap_lock - owner thread: 0x000002033af4d000

Heap address: 0x00000000c0c00000, size: 1012 MB, Compressed Oops mode: Non-zero based: 0x00000000c0c00000
Narrow klass base: 0x0000000000000000, Narrow klass shift: 0

GC Heap History (0 events):
No events

Deoptimization events (0 events):
No events

Classes redefined (0 events):
No events

Internal exceptions (0 events):
No events

Events (1 events):
Event: 0.054 Loaded shared library C:\IntelliJ IDEA 2020.3.1\jbr\bin\zip.dll


Dynamic libraries:
0x00007ff70f6e0000 - 0x00007ff70f6ea000 	C:\IntelliJ IDEA 2020.3.1\jbr\bin\java.exe
0x00007fff63150000 - 0x00007fff63346000 	C:\WINDOWS\SYSTEM32\ntdll.dll
0x00007fff374d0000 - 0x00007fff374e2000 	C:\Program Files\AVAST Software\Avast\aswhook.dll
0x00007fff61b80000 - 0x00007fff61c3d000 	C:\WINDOWS\System32\KERNEL32.DLL
0x00007fff60e60000 - 0x00007fff61129000 	C:\WINDOWS\System32\KERNELBASE.dll
0x00007fff60bd0000 - 0x00007fff60cd0000 	C:\WINDOWS\System32\ucrtbase.dll
0x00007fff5a470000 - 0x00007fff5a489000 	C:\IntelliJ IDEA 2020.3.1\jbr\bin\jli.dll
0x00007fff62d50000 - 0x00007fff62ef0000 	C:\WINDOWS\System32\USER32.dll
0x00007fff60b00000 - 0x00007fff60b22000 	C:\WINDOWS\System32\win32u.dll
0x00007fff623c0000 - 0x00007fff623ea000 	C:\WINDOWS\System32\GDI32.dll
0x00007fff60cd0000 - 0x00007fff60ddb000 	C:\WINDOWS\System32\gdi32full.dll
0x00007fff60b30000 - 0x00007fff60bcd000 	C:\WINDOWS\System32\msvcp_win.dll
0x00007fff5a450000 - 0x00007fff5a467000 	C:\IntelliJ IDEA 2020.3.1\jbr\bin\VCRUNTIME140.dll
0x00007fff436f0000 - 0x00007fff4398b000 	C:\WINDOWS\WinSxS\amd64_microsoft.windows.common-controls_6595b64144ccf1df_6.0.19041.746_none_ca02b4b61b8320a4\COMCTL32.dll
0x00007fff61390000 - 0x00007fff6142e000 	C:\WINDOWS\System32\msvcrt.dll
0x00007fff62ef0000 - 0x00007fff62f20000 	C:\WINDOWS\System32\IMM32.DLL
0x00007fff39f30000 - 0x00007fff39fcd000 	C:\IntelliJ IDEA 2020.3.1\jbr\bin\msvcp140.dll
0x00007fff253f0000 - 0x00007fff25ebe000 	C:\IntelliJ IDEA 2020.3.1\jbr\bin\server\jvm.dll
0x00007fff63000000 - 0x00007fff630ac000 	C:\WINDOWS\System32\ADVAPI32.dll
0x00007fff61270000 - 0x00007fff6130c000 	C:\WINDOWS\System32\sechost.dll
0x00007fff62290000 - 0x00007fff623bb000 	C:\WINDOWS\System32\RPCRT4.dll
0x00007fff62870000 - 0x00007fff62878000 	C:\WINDOWS\System32\PSAPI.DLL
0x00007fff54180000 - 0x00007fff541a7000 	C:\WINDOWS\SYSTEM32\WINMM.dll
0x00007fff53ee0000 - 0x00007fff53ee9000 	C:\WINDOWS\SYSTEM32\WSOCK32.dll
0x00007fff62400000 - 0x00007fff6246b000 	C:\WINDOWS\System32\WS2_32.dll
0x00007fff57040000 - 0x00007fff5704a000 	C:\WINDOWS\SYSTEM32\VERSION.dll
0x00007fff5e7e0000 - 0x00007fff5e7f2000 	C:\WINDOWS\SYSTEM32\kernel.appcore.dll
0x00007fff54350000 - 0x00007fff54361000 	C:\IntelliJ IDEA 2020.3.1\jbr\bin\verify.dll
0x00007fff55dc0000 - 0x00007fff55fa4000 	C:\WINDOWS\SYSTEM32\DBGHELP.DLL
0x00007fff56ef0000 - 0x00007fff56f1c000 	C:\WINDOWS\SYSTEM32\dbgcore.DLL
0x00007fff60de0000 - 0x00007fff60e60000 	C:\WINDOWS\System32\bcryptPrimitives.dll
0x00007fff54320000 - 0x00007fff54349000 	C:\IntelliJ IDEA 2020.3.1\jbr\bin\java.dll
0x00007fff5b3c0000 - 0x00007fff5b3cb000 	C:\IntelliJ IDEA 2020.3.1\jbr\bin\jimage.dll
0x00007fff4f3d0000 - 0x00007fff4f3e8000 	C:\IntelliJ IDEA 2020.3.1\jbr\bin\zip.dll

dbghelp: loaded successfully - version: 4.0.5 - missing functions: none
symbol engine: initialized successfully - sym options: 0x614 - pdb path: .;C:\IntelliJ IDEA 2020.3.1\jbr\bin;C:\WINDOWS\SYSTEM32;C:\Program Files\AVAST Software\Avast;C:\WINDOWS\WinSxS\amd64_microsoft.windows.common-controls_6595b64144ccf1df_6.0.19041.746_none_ca02b4b61b8320a4;C:\IntelliJ IDEA 2020.3.1\jbr\bin\server

VM Arguments:
jvm_args: -Djava.rmi.server.hostname=127.0.0.1 -Duser.timezone=UTC -Xmx1011m -Xms128m -Dfile.encoding=UTF-8 
java_command: com.intellij.database.remote.RemoteJdbcServer org.mariadb.jdbc.Driver
java_class_path (initial): C:\IntelliJ IDEA 2020.3.1\lib\util.jar;C:\IntelliJ IDEA 2020.3.1\lib\trove4j.jar;C:\IntelliJ IDEA 2020.3.1\lib\groovy-2.5.11.jar;C:\IntelliJ IDEA 2020.3.1\plugins\DatabaseTools\lib\jdbc-console.jar;C:\Users\¿Á»∆\AppData\Roaming\JetBrains\IntelliJIdea2020.3\jdbc-drivers\MariaDB Connector J\2.6.0\mariadb-java-client-2.6.0.jar
Launcher Type: SUN_STANDARD

[Global flags]
     intx CICompilerCount                          = 3                                         {product} {ergonomic}
     uint ConcGCThreads                            = 1                                         {product} {ergonomic}
     uint G1ConcRefinementThreads                  = 4                                         {product} {ergonomic}
   size_t G1HeapRegionSize                         = 1048576                                   {product} {ergonomic}
    uintx GCDrainStackTargetSize                   = 64                                        {product} {ergonomic}
   size_t InitialHeapSize                          = 134217728                                 {product} {command line}
   size_t MarkStackSize                            = 4194304                                   {product} {ergonomic}
   size_t MaxHeapSize                              = 1061158912                                {product} {command line, ergonomic}
   size_t MinHeapDeltaBytes                        = 1048576                                   {product} {ergonomic}
    uintx NonNMethodCodeHeapSize                   = 5830732                                {pd product} {ergonomic}
    uintx NonProfiledCodeHeapSize                  = 122913754                              {pd product} {ergonomic}
    uintx ProfiledCodeHeapSize                     = 122913754                              {pd product} {ergonomic}
    uintx ReservedCodeCacheSize                    = 251658240                              {pd product} {ergonomic}
     bool SegmentedCodeCache                       = true                                      {product} {ergonomic}
     bool UseCompressedClassPointers               = true                                 {lp64_product} {ergonomic}
     bool UseCompressedOops                        = true                                 {lp64_product} {ergonomic}
     bool UseG1GC                                  = true                                      {product} {ergonomic}
     bool UseLargePagesIndividualAllocation        = false                                  {pd product} {ergonomic}

Logging:
Log output configuration:
 #0: stdout all=warning uptime,level,tags
 #1: stderr all=off uptime,level,tags

Environment Variables:
JAVA_HOME=C:\Program Files\Java\jdk1.8.0_241\
PATH=C:\Program Files\AdoptOpenJDK\jdk-8.0.265.01-hotspot\bin;C:\Program Files\Java\jdk1.8.0_241\;C:\Program Files\Java\jdk-14.0.2\bin;C:\Program Files\Java\jdk-13.0.2\bin;C:\oraclexe\app\oracle\product\11.2.0\server\bin;C:\Program Files (x86)\Common Files\Oracle\Java\javapath;C:\Program Files (x86)\Intel\iCLS Client\;C:\Program Files\Intel\iCLS Client\;C:\WINDOWS\system32;C:\WINDOWS;C:\WINDOWS\System32\Wbem;C:\WINDOWS\System32\WindowsPowerShell\v1.0\;C:\Program Files (x86)\Intel\Intel(R) Management Engine Components\DAL;C:\Program Files\Intel\Intel(R) Management Engine Components\DAL;C:\Program Files (x86)\Intel\Intel(R) Management Engine Components\IPT;C:\Program Files\Intel\Intel(R) Management Engine Components\IPT;C:\Program Files\Samsung\SamsungLink\AllShare Framework DMS\bin\;C:\WINDOWS\System32\OpenSSH\;C:\Program Files\nodejs\;C:\Program Files (x86)\Brackets\command;C:\Users\¿Á»∆\AppData\Local\Microsoft\WindowsApps;C:\Users\¿Á»∆\AppData\Roaming\npm;C:\Program Files\Bandizip\;C:\Users\¿Á»∆\AppData\Local\GitHubDesktop\bin;C:\Program Files (x86)\ESTsoft\ALSee\x64
USERNAME=¿Á»∆
OS=Windows_NT
PROCESSOR_IDENTIFIER=Intel64 Family 6 Model 61 Stepping 4, GenuineIntel



---------------  S Y S T E M  ---------------

OS: Windows 10 , 64 bit Build 19041 (10.0.19041.804)
OS uptime: 1 days 5:02 hours

CPU:total 4 (initial active 4) (2 cores per cpu, 2 threads per core) family 6 model 61 stepping 4, cmov, cx8, fxsr, mmx, sse, sse2, sse3, ssse3, sse4.1, sse4.2, popcnt, avx, avx2, aes, clmul, erms, 3dnowpref, lzcnt, ht, tsc, tscinvbit, bmi1, bmi2, adx, fma

Memory: 4k page, system-wide physical 8090M (714M free)
TotalPageFile size 21423M (AvailPageFile size 7M)
current process WorkingSet (physical memory assigned to process): 10M, peak: 10M
current process commit charge ("private bytes"): 51M, peak: 179M

vm_info: OpenJDK 64-Bit Server VM (11.0.9.1+11-b1145.63) for windows-amd64 JRE (11.0.9.1+11-b1145.63), built on Dec 21 2020 13:58:54 by "" with MS VC++ 14.0 (VS2015)

END.
